
> frontend-solicitacoes@1.0.0 dev
> vite --host 0.0.0.0 --port 5173


  [32m[1mVITE[22m v5.4.21[39m  [2mready in [0m[1m329[22m[2m[0m ms[22m

  [32m➜[39m  [1mLocal[22m:   [36mhttp://localhost:[1m5173[22m/[39m
  [32m➜[39m  [1mNetwork[22m: [36mhttp://192.168.56.1:[1m5173[22m/[39m
  [32m➜[39m  [1mNetwork[22m: [36mhttp://192.168.0.21:[1m5173[22m/[39m
  [32m➜[39m  [1mNetwork[22m: [36mhttp://172.19.16.1:[1m5173[22m/[39m
  [32m➜[39m  [1mNetwork[22m: [36mhttp://172.30.208.1:[1m5173[22m/[39m
[2m[32m  ➜[39m[22m[2m  press [22m[1mh + enter[22m[2m to show help[22m
[2m11:28:21[22m [36m[1m[vite][22m[39m [32mhmr update [39m[2m/src/modules/solicitacao-compra/pages/RevisarSolicitacaoCompraFinal.jsx, /src/index.css[22m
[2m11:28:28[22m [36m[1m[vite][22m[39m [32mhmr update [39m[2m/src/modules/solicitacao-compra/pages/RevisarSolicitacaoCompraFinal.jsx, /src/index.css[22m
[2m13:33:04[22m [36m[1m[vite][22m[39m [32mhmr update [39m[2m/src/modules/solicitacao-compra/pages/RevisarSolicitacaoCompra.jsx, /src/index.css[22m
[2m14:10:13[22m [36m[1m[vite][22m[39m [32mhmr update [39m[2m/src/modules/solicitacao-compra/pages/NovaSolicitacaoCompra.jsx, /src/index.css[22m
[2m14:10:37[22m [36m[1m[vite][22m[39m [32mhmr update [39m[2m/src/index.css[22m
[2m14:12:40[22m [36m[1m[vite][22m[39m [32mhmr update [39m[2m/src/modules/solicitacao-compra/pages/NovaSolicitacaoCompra.jsx, /src/index.css[22m
[2m14:14:07[22m [36m[1m[vite][22m[39m [32mhmr update [39m[2m/src/modules/solicitacao-compra/pages/NovaSolicitacaoCompra.jsx, /src/index.css[22m
[2m14:14:35[22m [36m[1m[vite][22m[39m [32mhmr update [39m[2m/src/modules/solicitacao-compra/pages/NovaSolicitacaoCompra.jsx, /src/index.css[22m
[2m14:15:01[22m [36m[1m[vite][22m[39m [32mhmr update [39m[2m/src/modules/solicitacao-compra/pages/NovaSolicitacaoCompra.jsx, /src/index.css[22m
[2m14:15:06[22m [36m[1m[vite][22m[39m [32mhmr update [39m[2m/src/modules/solicitacao-compra/pages/NovaSolicitacaoCompra.jsx, /src/index.css[22m
[2m14:15:11[22m [36m[1m[vite][22m[39m [32mhmr update [39m[2m/src/modules/solicitacao-compra/pages/NovaSolicitacaoCompra.jsx, /src/index.css[22m
[2m14:15:17[22m [36m[1m[vite][22m[39m [32mhmr update [39m[2m/src/modules/solicitacao-compra/pages/NovaSolicitacaoCompra.jsx, /src/index.css[22m
[2m14:15:30[22m [36m[1m[vite][22m[39m [32mhmr update [39m[2m/src/modules/solicitacao-compra/pages/NovaSolicitacaoCompra.jsx, /src/index.css[22m
[2m14:15:40[22m [36m[1m[vite][22m[39m [32mhmr update [39m[2m/src/modules/solicitacao-compra/pages/NovaSolicitacaoCompra.jsx, /src/index.css[22m
[2m14:16:05[22m [36m[1m[vite][22m[39m [32mhmr update [39m[2m/src/index.css[22m
[2m14:22:55[22m [36m[1m[vite][22m[39m [32mhmr update [39m[2m/src/modules/solicitacao-compra/pages/NovaSolicitacaoCompra.jsx, /src/index.css[22m
[2m14:23:00[22m [36m[1m[vite][22m[39m [32mhmr update [39m[2m/src/modules/solicitacao-compra/pages/NovaSolicitacaoCompra.jsx, /src/index.css[22m
[2m14:23:14[22m [36m[1m[vite][22m[39m [32mhmr update [39m[2m/src/modules/solicitacao-compra/pages/NovaSolicitacaoCompra.jsx, /src/index.css[22m
[2m14:23:23[22m [36m[1m[vite][22m[39m [32mhmr update [39m[2m/src/modules/solicitacao-compra/pages/NovaSolicitacaoCompra.jsx, /src/index.css[22m
[2m14:24:02[22m [36m[1m[vite][22m[39m [32mhmr update [39m[2m/src/modules/solicitacao-compra/pages/NovaSolicitacaoCompra.jsx, /src/index.css[22m
[2m14:25:17[22m [36m[1m[vite][22m[39m [32mhmr update [39m[2m/src/modules/solicitacao-compra/pages/NovaSolicitacaoCompra.jsx, /src/index.css[22m
[2m14:25:39[22m [36m[1m[vite][22m[39m [32mhmr update [39m[2m/src/modules/solicitacao-compra/pages/NovaSolicitacaoCompra.jsx, /src/index.css[22m
[2m14:25:56[22m [36m[1m[vite][22m[39m [32mhmr update [39m[2m/src/modules/solicitacao-compra/pages/NovaSolicitacaoCompra.jsx, /src/index.css[22m
[2m14:26:15[22m [36m[1m[vite][22m[39m [32mhmr update [39m[2m/src/modules/solicitacao-compra/pages/NovaSolicitacaoCompra.jsx, /src/index.css[22m
[2m14:26:24[22m [36m[1m[vite][22m[39m [32mhmr update [39m[2m/src/modules/solicitacao-compra/pages/NovaSolicitacaoCompra.jsx, /src/index.css[22m
[2m14:26:51[22m [36m[1m[vite][22m[39m [32mhmr update [39m[2m/src/modules/solicitacao-compra/pages/NovaSolicitacaoCompra.jsx, /src/index.css[22m
[2m14:27:02[22m [36m[1m[vite][22m[39m [32mhmr update [39m[2m/src/modules/solicitacao-compra/pages/NovaSolicitacaoCompra.jsx, /src/index.css[22m
[2m14:27:34[22m [36m[1m[vite][22m[39m [32mhmr update [39m[2m/src/modules/solicitacao-compra/pages/NovaSolicitacaoCompra.jsx, /src/index.css[22m
[2m14:58:02[22m [36m[1m[vite][22m[39m [32mhmr update [39m[2m/src/index.css, /src/modules/solicitacao-compra/pages/SolicitacoesCompra.jsx, /src/modules/solicitacao-compra/pages/GestaoUnidades.jsx, /src/modules/solicitacao-compra/pages/RevisarSolicitacaoCompraFinal.jsx, /src/modules/solicitacao-compra/pages/GestaoApropriacoes.jsx, /src/modules/solicitacao-compra/pages/GestaoCategorias.jsx, /src/modules/solicitacao-compra/pages/GestaoInsumos.jsx, /src/modules/solicitacao-compra/pages/RevisarSolicitacaoCompra.jsx, /src/modules/solicitacao-compra/pages/SolicitacaoCompraDetalheView.jsx, /src/modules/solicitacao-compra/pages/NovaSolicitacaoCompra.jsx[22m
[2m14:58:35[22m [36m[1m[vite][22m[39m [32mhmr update [39m[2m/src/modules/solicitacao-compra/pages/SolicitacaoCompraDetalheView.jsx, /src/index.css[22m
[2m15:00:49[22m [36m[1m[vite][22m[39m [32mhmr update [39m[2m/src/modules/solicitacao-compra/pages/SolicitacaoCompraDetalheView.jsx, /src/index.css[22m
[2m15:01:51[22m [36m[1m[vite][22m[39m [32mhmr update [39m[2m/src/App.jsx, /src/index.css[22m
[2m15:02:02[22m [36m[1m[vite][22m[39m [32mhmr update [39m[2m/src/App.jsx, /src/index.css[22m
[2m15:02:49[22m [36m[1m[vite][22m[39m [32mhmr update [39m[2m/src/modules/solicitacao-compra/pages/SolicitacoesCompra.jsx, /src/index.css[22m
[2m15:02:55[22m [36m[1m[vite][22m[39m [32mhmr update [39m[2m/src/modules/solicitacao-compra/pages/SolicitacoesCompra.jsx, /src/index.css[22m
[2m15:03:01[22m [36m[1m[vite][22m[39m [32mhmr update [39m[2m/src/modules/solicitacao-compra/pages/SolicitacoesCompra.jsx, /src/index.css[22m
[2m15:03:08[22m [36m[1m[vite][22m[39m [32mhmr update [39m[2m/src/modules/solicitacao-compra/pages/SolicitacoesCompra.jsx, /src/index.css[22m
[2m15:10:15[22m [36m[1m[vite][22m[39m [32mhmr update [39m[2m/src/modules/solicitacao-compra/pages/SolicitacaoCompraDetalheView.jsx, /src/index.css[22m
