[2m14:25:56[22m [31m[1m[vite][22m[39m [31mInternal server error: C:\Users\Usuario\Downloads\sistema-gestao-solicitacoes-main\frontend\src\modules\solicitacao-compra\pages\NovaSolicitacaoCompra.jsx: Adjacent JSX elements must be wrapped in an enclosing tag. Did you want a JSX fragment <>...</>? (736:6)

[0m [90m 734 |[31m           [33m<[31m[33m/[31m[33mdiv[31m[33m>[31m
 [90m 735 |[31m         [33m<[31m[33m/[31m[33mdiv[31m[33m>[31m
[31m[1m>[22m[31m[90m 736 |[31m       [33m<[31m[33m/[31m[33mdiv[31m[33m>[31m
 [90m     |[31m       [31m[1m^[22m[31m
 [90m 737 |[31m
 [90m 738 |[31m       {modalManualAberto [33m&&[31m (
 [90m 739 |[31m         [33m<[31m[33mdiv[31m className[33m=[31m[32m"fixed inset-0 z-50 flex items-center justify-center bg-black/40 p-4"[31m[33m>[31m[0m[39m
  Plugin: [35mvite:react-babel[39m
  File: [36mC:/Users/Usuario/Downloads/sistema-gestao-solicitacoes-main/frontend/src/modules/solicitacao-compra/pages/NovaSolicitacaoCompra.jsx[39m:736:6
[33m  734|            </div>
  735|          </div>
  736|        </div>
     |        ^
  737|  
  738|        {modalManualAberto && ([39m
      at constructor (C:\Users\Usuario\Downloads\sistema-gestao-solicitacoes-main\frontend\node_modules\@babel\parser\lib\index.js:365:19)
      at JSXParserMixin.raise (C:\Users\Usuario\Downloads\sistema-gestao-solicitacoes-main\frontend\node_modules\@babel\parser\lib\index.js:6599:19)
      at JSXParserMixin.jsxParseElementAt (C:\Users\Usuario\Downloads\sistema-gestao-solicitacoes-main\frontend\node_modules\@babel\parser\lib\index.js:4742:18)
      at JSXParserMixin.jsxParseElement (C:\Users\Usuario\Downloads\sistema-gestao-solicitacoes-main\frontend\node_modules\@babel\parser\lib\index.js:4749:17)
      at JSXParserMixin.parseExprAtom (C:\Users\Usuario\Downloads\sistema-gestao-solicitacoes-main\frontend\node_modules\@babel\parser\lib\index.js:4759:19)
      at JSXParserMixin.parseExprSubscripts (C:\Users\Usuario\Downloads\sistema-gestao-solicitacoes-main\frontend\node_modules\@babel\parser\lib\index.js:11071:23)
      at JSXParserMixin.parseUpdate (C:\Users\Usuario\Downloads\sistema-gestao-solicitacoes-main\frontend\node_modules\@babel\parser\lib\index.js:11056:21)
      at JSXParserMixin.parseMaybeUnary (C:\Users\Usuario\Downloads\sistema-gestao-solicitacoes-main\frontend\node_modules\@babel\parser\lib\index.js:11036:23)
      at JSXParserMixin.parseMaybeUnaryOrPrivate (C:\Users\Usuario\Downloads\sistema-gestao-solicitacoes-main\frontend\node_modules\@babel\parser\lib\index.js:10889:61)
      at JSXParserMixin.parseExprOps (C:\Users\Usuario\Downloads\sistema-gestao-solicitacoes-main\frontend\node_modules\@babel\parser\lib\index.js:10894:23)
      at JSXParserMixin.parseMaybeConditional (C:\Users\Usuario\Downloads\sistema-gestao-solicitacoes-main\frontend\node_modules\@babel\parser\lib\index.js:10871:23)
      at JSXParserMixin.parseMaybeAssign (C:\Users\Usuario\Downloads\sistema-gestao-solicitacoes-main\frontend\node_modules\@babel\parser\lib\index.js:10821:21)
      at C:\Users\Usuario\Downloads\sistema-gestao-solicitacoes-main\frontend\node_modules\@babel\parser\lib\index.js:10790:39
      at JSXParserMixin.allowInAnd (C:\Users\Usuario\Downloads\sistema-gestao-solicitacoes-main\frontend\node_modules\@babel\parser\lib\index.js:12416:12)
      at JSXParserMixin.parseMaybeAssignAllowIn (C:\Users\Usuario\Downloads\sistema-gestao-solicitacoes-main\frontend\node_modules\@babel\parser\lib\index.js:10790:17)
      at JSXParserMixin.parseMaybeAssignAllowInOrVoidPattern (C:\Users\Usuario\Downloads\sistema-gestao-solicitacoes-main\frontend\node_modules\@babel\parser\lib\index.js:12483:17)
      at JSXParserMixin.parseParenAndDistinguishExpression (C:\Users\Usuario\Downloads\sistema-gestao-solicitacoes-main\frontend\node_modules\@babel\parser\lib\index.js:11665:28)
      at JSXParserMixin.parseExprAtom (C:\Users\Usuario\Downloads\sistema-gestao-solicitacoes-main\frontend\node_modules\@babel\parser\lib\index.js:11321:23)
      at JSXParserMixin.parseExprAtom (C:\Users\Usuario\Downloads\sistema-gestao-solicitacoes-main\frontend\node_modules\@babel\parser\lib\index.js:4764:20)
      at JSXParserMixin.parseExprSubscripts (C:\Users\Usuario\Downloads\sistema-gestao-solicitacoes-main\frontend\node_modules\@babel\parser\lib\index.js:11071:23)
      at JSXParserMixin.parseUpdate (C:\Users\Usuario\Downloads\sistema-gestao-solicitacoes-main\frontend\node_modules\@babel\parser\lib\index.js:11056:21)
      at JSXParserMixin.parseMaybeUnary (C:\Users\Usuario\Downloads\sistema-gestao-solicitacoes-main\frontend\node_modules\@babel\parser\lib\index.js:11036:23)
      at JSXParserMixin.parseMaybeUnaryOrPrivate (C:\Users\Usuario\Downloads\sistema-gestao-solicitacoes-main\frontend\node_modules\@babel\parser\lib\index.js:10889:61)
      at JSXParserMixin.parseExprOpBaseRightExpr (C:\Users\Usuario\Downloads\sistema-gestao-solicitacoes-main\frontend\node_modules\@babel\parser\lib\index.js:10976:34)
      at JSXParserMixin.parseExprOpRightExpr (C:\Users\Usuario\Downloads\sistema-gestao-solicitacoes-main\frontend\node_modules\@babel\parser\lib\index.js:10971:21)
      at JSXParserMixin.parseExprOp (C:\Users\Usuario\Downloads\sistema-gestao-solicitacoes-main\frontend\node_modules\@babel\parser\lib\index.js:10937:27)
      at JSXParserMixin.parseExprOp (C:\Users\Usuario\Downloads\sistema-gestao-solicitacoes-main\frontend\node_modules\@babel\parser\lib\index.js:10943:21)
      at JSXParserMixin.parseExprOps (C:\Users\Usuario\Downloads\sistema-gestao-solicitacoes-main\frontend\node_modules\@babel\parser\lib\index.js:10898:17)
      at JSXParserMixin.parseMaybeConditional (C:\Users\Usuario\Downloads\sistema-gestao-solicitacoes-main\frontend\node_modules\@babel\parser\lib\index.js:10871:23)
      at JSXParserMixin.parseMaybeAssign (C:\Users\Usuario\Downloads\sistema-gestao-solicitacoes-main\frontend\node_modules\@babel\parser\lib\index.js:10821:21)
      at JSXParserMixin.parseExpressionBase (C:\Users\Usuario\Downloads\sistema-gestao-solicitacoes-main\frontend\node_modules\@babel\parser\lib\index.js:10774:23)
      at C:\Users\Usuario\Downloads\sistema-gestao-solicitacoes-main\frontend\node_modules\@babel\parser\lib\index.js:10770:39
      at JSXParserMixin.allowInAnd (C:\Users\Usuario\Downloads\sistema-gestao-solicitacoes-main\frontend\node_modules\@babel\parser\lib\index.js:12416:12)
      at JSXParserMixin.parseExpression (C:\Users\Usuario\Downloads\sistema-gestao-solicitacoes-main\frontend\node_modules\@babel\parser\lib\index.js:10770:17)
      at JSXParserMixin.jsxParseExpressionContainer (C:\Users\Usuario\Downloads\sistema-gestao-solicitacoes-main\frontend\node_modules\@babel\parser\lib\index.js:4632:31)
      at JSXParserMixin.jsxParseElementAt (C:\Users\Usuario\Downloads\sistema-gestao-solicitacoes-main\frontend\node_modules\@babel\parser\lib\index.js:4711:36)
      at JSXParserMixin.jsxParseElementAt (C:\Users\Usuario\Downloads\sistema-gestao-solicitacoes-main\frontend\node_modules\@babel\parser\lib\index.js:4698:32)
      at JSXParserMixin.jsxParseElementAt (C:\Users\Usuario\Downloads\sistema-gestao-solicitacoes-main\frontend\node_modules\@babel\parser\lib\index.js:4698:32)
      at JSXParserMixin.jsxParseElement (C:\Users\Usuario\Downloads\sistema-gestao-solicitacoes-main\frontend\node_modules\@babel\parser\lib\index.js:4749:17)
      at JSXParserMixin.parseExprAtom (C:\Users\Usuario\Downloads\sistema-gestao-solicitacoes-main\frontend\node_modules\@babel\parser\lib\index.js:4759:19)
      at JSXParserMixin.parseExprSubscripts (C:\Users\Usuario\Downloads\sistema-gestao-solicitacoes-main\frontend\node_modules\@babel\parser\lib\index.js:11071:23)
      at JSXParserMixin.parseUpdate (C:\Users\Usuario\Downloads\sistema-gestao-solicitacoes-main\frontend\node_modules\@babel\parser\lib\index.js:11056:21)
      at JSXParserMixin.parseMaybeUnary (C:\Users\Usuario\Downloads\sistema-gestao-solicitacoes-main\frontend\node_modules\@babel\parser\lib\index.js:11036:23)
      at JSXParserMixin.parseMaybeUnaryOrPrivate (C:\Users\Usuario\Downloads\sistema-gestao-solicitacoes-main\frontend\node_modules\@babel\parser\lib\index.js:10889:61)
      at JSXParserMixin.parseExprOps (C:\Users\Usuario\Downloads\sistema-gestao-solicitacoes-main\frontend\node_modules\@babel\parser\lib\index.js:10894:23)
      at JSXParserMixin.parseMaybeConditional (C:\Users\Usuario\Downloads\sistema-gestao-solicitacoes-main\frontend\node_modules\@babel\parser\lib\index.js:10871:23)
      at JSXParserMixin.parseMaybeAssign (C:\Users\Usuario\Downloads\sistema-gestao-solicitacoes-main\frontend\node_modules\@babel\parser\lib\index.js:10821:21)
      at C:\Users\Usuario\Downloads\sistema-gestao-solicitacoes-main\frontend\node_modules\@babel\parser\lib\index.js:10790:39
      at JSXParserMixin.allowInAnd (C:\Users\Usuario\Downloads\sistema-gestao-solicitacoes-main\frontend\node_modules\@babel\parser\lib\index.js:12416:12)
      at JSXParserMixin.parseMaybeAssignAllowIn (C:\Users\Usuario\Downloads\sistema-gestao-solicitacoes-main\frontend\node_modules\@babel\parser\lib\index.js:10790:17)
